<?xml version="1.0" encoding="UTF-8"?>
<!-- Generated by org.testng.reporters.JUnitXMLReporter -->
<testsuite ignored="4" hostname="DESKTOP-MPU6F8C" failures="0" tests="3" name="TestRunner-Firefox" time="72.734" errors="0" timestamp="2021-12-27T14:35:17 IST">
  <testcase classname="com.crm.autodesk.orgtest.CreateOrg" name="createOrgTest" time="12.947"/>
  <testcase classname="com.crm.autodesk.orgtest.CreateOrganizationWithEmailOptOut" name="CreateOrganizationWithEmailOptOutTest" time="13.438"/>
  <testcase classname="com.crm.autodesk.orgtest.CreateOrganizationWithMembersOfAndClear" name="createOrganizationWithMembersOfAndClearTest" time="11.939"/>
  <testcase classname="com.crm.autodesk.genericutility.BaseClass" name="@AfterSuite closeConnection" time="0.0">
    <ignored/>
  </testcase> <!-- @AfterSuite closeConnection -->
  <testcase classname="com.crm.autodesk.genericutility.BaseClass" name="@AfterSuite closeConnection" time="0.0">
    <ignored/>
  </testcase> <!-- @AfterSuite closeConnection -->
  <testcase classname="com.crm.autodesk.genericutility.BaseClass" name="@BeforeSuite dbConnection" time="0.0">
    <ignored/>
  </testcase> <!-- @BeforeSuite dbConnection -->
  <testcase classname="com.crm.autodesk.genericutility.BaseClass" name="@BeforeSuite dbConnection" time="0.0">
    <ignored/>
  </testcase> <!-- @BeforeSuite dbConnection -->
</testsuite> <!-- TestRunner-Firefox -->
