<?xml version="1.0" encoding="UTF-8"?>
<!-- Generated by org.testng.reporters.JUnitXMLReporter -->
<testsuite ignored="2" hostname="DESKTOP-MPU6F8C" failures="0" tests="2" name="TestRunner-1" time="65.283" errors="0" timestamp="2021-12-27T13:10:16 IST">
  <testcase classname="com.crm.autodesk.orgtest.OrgWithCon1" name="orgWithCon1Test" time="31.64"/>
  <testcase classname="com.crm.autodesk.orgtest.CreateOrganizationWithMembersOfAndClear" name="createOrganizationWithMembersOfAndClearTest" time="15.024"/>
  <testcase classname="com.crm.autodesk.genericutility.BaseClass" name="@AfterSuite closeConnection" time="0.0">
    <ignored/>
  </testcase> <!-- @AfterSuite closeConnection -->
  <testcase classname="com.crm.autodesk.genericutility.BaseClass" name="@BeforeSuite dbConnection" time="0.0">
    <ignored/>
  </testcase> <!-- @BeforeSuite dbConnection -->
</testsuite> <!-- TestRunner-1 -->
