<?xml version="1.0" encoding="UTF-8"?>
<!-- Generated by org.testng.reporters.JUnitXMLReporter -->
<testsuite ignored="1" hostname="DESKTOP-MPU6F8C" failures="0" tests="1" name="Test" time="10.633" errors="0" timestamp="2021-12-27T15:28:11 IST">
  <testcase classname="com.crm.autodesk.orgtest.OrgWitIndustryandType" name="createOrgDemoTest" time="0.013"/>
  <testcase classname="com.crm.autodesk.orgtest.OrgWitIndustryandType" name="orgWithIndusytryandTypeTest" time="0.0">
    <ignored/>
  </testcase> <!-- orgWithIndusytryandTypeTest -->
</testsuite> <!-- Test -->
