<?xml version="1.0" encoding="UTF-8"?>
<!-- Generated by org.testng.reporters.JUnitXMLReporter -->
<testsuite ignored="2" hostname="DESKTOP-MPU6F8C" failures="0" tests="2" name="TestRunner-Chrome" time="59.951" errors="0" timestamp="2021-12-27T14:35:04 IST">
  <testcase classname="com.crm.autodesk.orgtest.OrgWitIndustryandType" name="orgWithIndusytryandTypeTest" time="13.699"/>
  <testcase classname="com.crm.autodesk.orgtest.OrgWithCon1" name="orgWithCon1Test" time="28.494"/>
  <testcase classname="com.crm.autodesk.genericutility.BaseClass" name="@AfterSuite closeConnection" time="0.0">
    <ignored/>
  </testcase> <!-- @AfterSuite closeConnection -->
  <testcase classname="com.crm.autodesk.genericutility.BaseClass" name="@BeforeSuite dbConnection" time="0.0">
    <ignored/>
  </testcase> <!-- @BeforeSuite dbConnection -->
</testsuite> <!-- TestRunner-Chrome -->
